<?xml version="1.0" encoding="UTF-8"?>
<testsuite name="org.kpmp.rabbitmq.rabbitMQ.DemoApplicationTests" tests="1" skipped="0" failures="0" errors="0" timestamp="2019-02-11T18:47:42" hostname="Rebeccas-MacBook-Pro.local" time="0.143">
  <properties/>
  <testcase name="contextLoads" classname="org.kpmp.rabbitmq.rabbitMQ.DemoApplicationTests" time="0.143"/>
  <system-out><![CDATA[13:47:41.020 [Test worker] DEBUG org.springframework.test.context.junit4.SpringJUnit4ClassRunner - SpringJUnit4ClassRunner constructor called with [class org.kpmp.rabbitmq.rabbitMQ.DemoApplicationTests]
13:47:41.027 [Test worker] DEBUG org.springframework.test.context.BootstrapUtils - Instantiating CacheAwareContextLoaderDelegate from class [org.springframework.test.context.cache.DefaultCacheAwareContextLoaderDelegate]
13:47:41.037 [Test worker] DEBUG org.springframework.test.context.BootstrapUtils - Instantiating BootstrapContext using constructor [public org.springframework.test.context.support.DefaultBootstrapContext(java.lang.Class,org.springframework.test.context.CacheAwareContextLoaderDelegate)]
13:47:41.055 [Test worker] DEBUG org.springframework.test.context.BootstrapUtils - Instantiating TestContextBootstrapper for test class [org.kpmp.rabbitmq.rabbitMQ.DemoApplicationTests] from class [org.springframework.boot.test.context.SpringBootTestContextBootstrapper]
13:47:41.066 [Test worker] INFO org.springframework.boot.test.context.SpringBootTestContextBootstrapper - Neither @ContextConfiguration nor @ContextHierarchy found for test class [org.kpmp.rabbitmq.rabbitMQ.DemoApplicationTests], using SpringBootContextLoader
13:47:41.071 [Test worker] DEBUG org.springframework.test.context.support.AbstractContextLoader - Did not detect default resource location for test class [org.kpmp.rabbitmq.rabbitMQ.DemoApplicationTests]: class path resource [org/kpmp/rabbitmq/rabbitMQ/DemoApplicationTests-context.xml] does not exist
13:47:41.072 [Test worker] DEBUG org.springframework.test.context.support.AbstractContextLoader - Did not detect default resource location for test class [org.kpmp.rabbitmq.rabbitMQ.DemoApplicationTests]: class path resource [org/kpmp/rabbitmq/rabbitMQ/DemoApplicationTestsContext.groovy] does not exist
13:47:41.073 [Test worker] INFO org.springframework.test.context.support.AbstractContextLoader - Could not detect default resource locations for test class [org.kpmp.rabbitmq.rabbitMQ.DemoApplicationTests]: no resource found for suffixes {-context.xml, Context.groovy}.
13:47:41.075 [Test worker] INFO org.springframework.test.context.support.AnnotationConfigContextLoaderUtils - Could not detect default configuration classes for test class [org.kpmp.rabbitmq.rabbitMQ.DemoApplicationTests]: DemoApplicationTests does not declare any static, non-private, non-final, nested classes annotated with @Configuration.
13:47:41.125 [Test worker] DEBUG org.springframework.test.context.support.ActiveProfilesUtils - Could not find an 'annotation declaring class' for annotation type [org.springframework.test.context.ActiveProfiles] and class [org.kpmp.rabbitmq.rabbitMQ.DemoApplicationTests]
13:47:41.198 [Test worker] DEBUG org.springframework.context.annotation.ClassPathScanningCandidateComponentProvider - Identified candidate component class: file [/Users/rlreamy/git/kpmp/garden-data/rabbitMQ/sender/build/classes/java/main/org/kpmp/rabbitmq/rabbitMQ/DemoApplication.class]
13:47:41.220 [Test worker] INFO org.springframework.boot.test.context.SpringBootTestContextBootstrapper - Found @SpringBootConfiguration org.kpmp.rabbitmq.rabbitMQ.DemoApplication for test class org.kpmp.rabbitmq.rabbitMQ.DemoApplicationTests
13:47:41.297 [Test worker] DEBUG org.springframework.boot.test.context.SpringBootTestContextBootstrapper - @TestExecutionListeners is not present for class [org.kpmp.rabbitmq.rabbitMQ.DemoApplicationTests]: using defaults.
13:47:41.298 [Test worker] INFO org.springframework.boot.test.context.SpringBootTestContextBootstrapper - Loaded default TestExecutionListener class names from location [META-INF/spring.factories]: [org.springframework.boot.test.autoconfigure.restdocs.RestDocsTestExecutionListener, org.springframework.boot.test.autoconfigure.web.client.MockRestServiceServerResetTestExecutionListener, org.springframework.boot.test.autoconfigure.web.servlet.MockMvcPrintOnlyOnFailureTestExecutionListener, org.springframework.boot.test.autoconfigure.web.servlet.WebDriverTestExecutionListener, org.springframework.boot.test.mock.mockito.MockitoTestExecutionListener, org.springframework.boot.test.mock.mockito.ResetMocksTestExecutionListener, org.springframework.test.context.web.ServletTestExecutionListener, org.springframework.test.context.support.DirtiesContextBeforeModesTestExecutionListener, org.springframework.test.context.support.DependencyInjectionTestExecutionListener, org.springframework.test.context.support.DirtiesContextTestExecutionListener, org.springframework.test.context.transaction.TransactionalTestExecutionListener, org.springframework.test.context.jdbc.SqlScriptsTestExecutionListener]
13:47:41.304 [Test worker] DEBUG org.springframework.boot.test.context.SpringBootTestContextBootstrapper - Skipping candidate TestExecutionListener [org.springframework.test.context.web.ServletTestExecutionListener] due to a missing dependency. Specify custom listener classes or make the default listener classes and their required dependencies available. Offending class: [javax/servlet/ServletContext]
13:47:41.311 [Test worker] INFO org.springframework.boot.test.context.SpringBootTestContextBootstrapper - Using TestExecutionListeners: [org.springframework.test.context.support.DirtiesContextBeforeModesTestExecutionListener@6d98df64, org.springframework.boot.test.mock.mockito.MockitoTestExecutionListener@f1f3ee0, org.springframework.boot.test.autoconfigure.SpringBootDependencyInjectionTestExecutionListener@4a18b017, org.springframework.test.context.support.DirtiesContextTestExecutionListener@ebfa66e, org.springframework.test.context.transaction.TransactionalTestExecutionListener@25f73b22, org.springframework.test.context.jdbc.SqlScriptsTestExecutionListener@53e9e942, org.springframework.boot.test.autoconfigure.restdocs.RestDocsTestExecutionListener@5cfe6320, org.springframework.boot.test.autoconfigure.web.client.MockRestServiceServerResetTestExecutionListener@2f813207, org.springframework.boot.test.autoconfigure.web.servlet.MockMvcPrintOnlyOnFailureTestExecutionListener@333322fe, org.springframework.boot.test.autoconfigure.web.servlet.WebDriverTestExecutionListener@2f0c7e23, org.springframework.boot.test.mock.mockito.ResetMocksTestExecutionListener@44ef81]
13:47:41.314 [Test worker] DEBUG org.springframework.test.annotation.ProfileValueUtils - Retrieved @ProfileValueSourceConfiguration [null] for test class [org.kpmp.rabbitmq.rabbitMQ.DemoApplicationTests]
13:47:41.314 [Test worker] DEBUG org.springframework.test.annotation.ProfileValueUtils - Retrieved ProfileValueSource type [class org.springframework.test.annotation.SystemProfileValueSource] for class [org.kpmp.rabbitmq.rabbitMQ.DemoApplicationTests]
13:47:41.315 [Test worker] DEBUG org.springframework.test.annotation.ProfileValueUtils - Retrieved @ProfileValueSourceConfiguration [null] for test class [org.kpmp.rabbitmq.rabbitMQ.DemoApplicationTests]
13:47:41.315 [Test worker] DEBUG org.springframework.test.annotation.ProfileValueUtils - Retrieved ProfileValueSource type [class org.springframework.test.annotation.SystemProfileValueSource] for class [org.kpmp.rabbitmq.rabbitMQ.DemoApplicationTests]
13:47:41.318 [Test worker] DEBUG org.springframework.test.context.support.AbstractDirtiesContextTestExecutionListener - Before test class: context [DefaultTestContext@167b4678 testClass = DemoApplicationTests, testInstance = [null], testMethod = [null], testException = [null], mergedContextConfiguration = [MergedContextConfiguration@65fd17f3 testClass = DemoApplicationTests, locations = '{}', classes = '{class org.kpmp.rabbitmq.rabbitMQ.DemoApplication}', contextInitializerClasses = '[]', activeProfiles = '{}', propertySourceLocations = '{}', propertySourceProperties = '{org.springframework.boot.test.context.SpringBootTestContextBootstrapper=true}', contextCustomizers = set[org.springframework.boot.test.autoconfigure.properties.PropertyMappingContextCustomizer@0, org.springframework.boot.test.autoconfigure.web.servlet.WebDriverContextCustomizerFactory$Customizer@1a9e2bb8, org.springframework.boot.test.context.filter.ExcludeFilterContextCustomizer@5b405f42, org.springframework.boot.test.json.DuplicateJsonObjectContextCustomizerFactory$DuplicateJsonObjectContextCustomizer@db7d27, org.springframework.boot.test.mock.mockito.MockitoContextCustomizer@0, org.springframework.boot.test.web.client.TestRestTemplateContextCustomizer@1611704c], contextLoader = 'org.springframework.boot.test.context.SpringBootContextLoader', parent = [null]], attributes = map[[empty]]], class annotated with @DirtiesContext [false] with mode [null].
13:47:41.319 [Test worker] DEBUG org.springframework.test.annotation.ProfileValueUtils - Retrieved @ProfileValueSourceConfiguration [null] for test class [org.kpmp.rabbitmq.rabbitMQ.DemoApplicationTests]
13:47:41.319 [Test worker] DEBUG org.springframework.test.annotation.ProfileValueUtils - Retrieved ProfileValueSource type [class org.springframework.test.annotation.SystemProfileValueSource] for class [org.kpmp.rabbitmq.rabbitMQ.DemoApplicationTests]
13:47:41.322 [Test worker] DEBUG org.springframework.test.context.support.DependencyInjectionTestExecutionListener - Performing dependency injection for test context [[DefaultTestContext@167b4678 testClass = DemoApplicationTests, testInstance = org.kpmp.rabbitmq.rabbitMQ.DemoApplicationTests@318d1e95, testMethod = [null], testException = [null], mergedContextConfiguration = [MergedContextConfiguration@65fd17f3 testClass = DemoApplicationTests, locations = '{}', classes = '{class org.kpmp.rabbitmq.rabbitMQ.DemoApplication}', contextInitializerClasses = '[]', activeProfiles = '{}', propertySourceLocations = '{}', propertySourceProperties = '{org.springframework.boot.test.context.SpringBootTestContextBootstrapper=true}', contextCustomizers = set[org.springframework.boot.test.autoconfigure.properties.PropertyMappingContextCustomizer@0, org.springframework.boot.test.autoconfigure.web.servlet.WebDriverContextCustomizerFactory$Customizer@1a9e2bb8, org.springframework.boot.test.context.filter.ExcludeFilterContextCustomizer@5b405f42, org.springframework.boot.test.json.DuplicateJsonObjectContextCustomizerFactory$DuplicateJsonObjectContextCustomizer@db7d27, org.springframework.boot.test.mock.mockito.MockitoContextCustomizer@0, org.springframework.boot.test.web.client.TestRestTemplateContextCustomizer@1611704c], contextLoader = 'org.springframework.boot.test.context.SpringBootContextLoader', parent = [null]], attributes = map[[empty]]]].
13:47:41.337 [Test worker] DEBUG org.springframework.test.context.support.TestPropertySourceUtils - Adding inlined properties to environment: {spring.jmx.enabled=false, org.springframework.boot.test.context.SpringBootTestContextBootstrapper=true, server.port=-1}

  .   ____          _            __ _ _
 /\\ / ___'_ __ _ _(_)_ __  __ _ \ \ \ \
( ( )\___ | '_ | '_| | '_ \/ _` | \ \ \ \
 \\/  ___)| |_)| | | | | || (_| |  ) ) ) )
  '  |____| .__|_| |_|_| |_\__, | / / / /
 =========|_|==============|___/=/_/_/_/
 :: Spring Boot ::        (v2.1.2.RELEASE)

2019-02-11 13:47:41.680  INFO 37325 --- [    Test worker] o.k.r.rabbitMQ.DemoApplicationTests      : Starting DemoApplicationTests on Rebeccas-MacBook-Pro.local with PID 37325 (started by rlreamy in /Users/rlreamy/git/kpmp/garden-data/rabbitMQ/sender)
2019-02-11 13:47:41.681  INFO 37325 --- [    Test worker] o.k.r.rabbitMQ.DemoApplicationTests      : No active profile set, falling back to default profiles: default
2019-02-11 13:47:42.110  INFO 37325 --- [    Test worker] trationDelegate$BeanPostProcessorChecker : Bean 'org.springframework.amqp.rabbit.annotation.RabbitBootstrapConfiguration' of type [org.springframework.amqp.rabbit.annotation.RabbitBootstrapConfiguration$$EnhancerBySpringCGLIB$$6ae33edb] is not eligible for getting processed by all BeanPostProcessors (for example: not eligible for auto-proxying)
 [x] Sent 'Hello World!'
 [*] Waiting for messages. To exit press CTRL+C
 [x] Received 'Hello World!'
2019-02-11 13:47:42.667  INFO 37325 --- [    Test worker] o.k.r.rabbitMQ.DemoApplicationTests      : Started DemoApplicationTests in 1.328 seconds (JVM running for 2.223)
]]></system-out>
  <system-err><![CDATA[]]></system-err>
</testsuite>
